18:20:32.000 [main] INFO  co.com.andresrojas.service.ServicioLibros - AGREGANDO LIBRO: Cien años de Soledad
18:20:32.011 [main] INFO  co.com.andresrojas.service.ServicioLibros - BUSCANDO LIBRO CON ISBN: 978-0307474728
18:20:32.011 [main] INFO  co.com.andresrojas.service.ServicioLibros - LIBRO ENCONTRADO: co.com.andresrojas.model.Libro@48c76607

18:21:22.822 [main] INFO  co.com.andresrojas.service.ServicioLibros - AGREGANDO LIBRO: Cien años de Soledad
18:21:22.829 [main] INFO  co.com.andresrojas.service.ServicioLibros - BUSCANDO LIBRO PARA ELIMINAR CON ISBN: 978-0307474728
18:21:22.830 [main] INFO  co.com.andresrojas.service.ServicioLibros - LIBRO ELIMINADO: co.com.andresrojas.model.Libro@6b6776cb
18:21:22.830 [main] INFO  co.com.andresrojas.service.ServicioLibros - BUSCANDO LIBRO CON ISBN: 978-0307474728
18:21:22.830 [main] ERROR co.com.andresrojas.service.ServicioLibros - NO SE ENCONTRO EL LIBRO BUSCADO CON ISBN: 978-0307474728

23:16:45.155 [main] INFO  co.com.andresrojas.service.ServicioLibros - AGREGANDO LIBRO: Cien años de Soledad
23:16:45.174 [main] INFO  co.com.andresrojas.service.ServicioLibros - BUSCANDO LIBRO CON ISBN: 978-0307474729
23:16:45.174 [main] ERROR co.com.andresrojas.service.ServicioLibros - NO SE ENCONTRO EL LIBRO BUSCADO CON ISBN: 978-0307474729
23:28:58.771 [main] INFO  co.com.andresrojas.service.ServicioLibros - AGREGANDO LIBRO: Cien años de Soledad
23:28:58.787 [main] INFO  co.com.andresrojas.service.ServicioLibros - BUSCANDO LIBRO PARA ELIMINAR CON ISBN: 978-0307474729
23:28:58.787 [main] ERROR co.com.andresrojas.service.ServicioLibros - NO SE ENCONTRO EL LIBRO BUSCADO CON ISBN: 978-0307474729
23:42:26.654 [main] INFO  co.com.andresrojas.service.ServicioLibros - AGREGANDO LIBRO: Cien años de Soledad
23:42:26.661 [main] INFO  co.com.andresrojas.service.ServicioLibros - AGREGANDO LIBRO: El Quijote
23:42:26.661 [main] INFO  co.com.andresrojas.service.ServicioLibros - OBTENIENDO LIBROS
23:46:56.484 [main] INFO  co.com.andresrojas.service.ServicioLibros - AGREGANDO LIBRO: Cien años de Soledad
23:46:56.498 [main] INFO  co.com.andresrojas.service.ServicioLibros - AGREGANDO LIBRO: El Quijote
23:46:56.512 [main] INFO  co.com.andresrojas.service.ServicioLibros - OBTENIENDO LIBROS
23:46:56.564 [main] INFO  co.com.andresrojas.service.ServicioLibros - AGREGANDO LIBRO: Cien años de Soledad
23:46:56.570 [main] INFO  co.com.andresrojas.service.ServicioLibros - BUSCANDO LIBRO CON ISBN: 978-0307474729
23:46:56.572 [main] ERROR co.com.andresrojas.service.ServicioLibros - NO SE ENCONTRO EL LIBRO BUSCADO CON ISBN: 978-0307474729
23:46:56.602 [main] INFO  co.com.andresrojas.service.ServicioLibros - AGREGANDO LIBRO: Cien años de Soledad
23:46:56.603 [main] INFO  co.com.andresrojas.service.ServicioLibros - BUSCANDO LIBRO CON ISBN: 978-0307474728
23:46:56.603 [main] INFO  co.com.andresrojas.service.ServicioLibros - LIBRO ENCONTRADO: co.com.andresrojas.model.Libro@612e21b9
23:46:56.614 [main] INFO  co.com.andresrojas.service.ServicioLibros - AGREGANDO LIBRO: Cien años de Soledad
23:46:56.614 [main] INFO  co.com.andresrojas.service.ServicioLibros - BUSCANDO LIBRO PARA ELIMINAR CON ISBN: 978-0307474728
23:46:56.614 [main] INFO  co.com.andresrojas.service.ServicioLibros - LIBRO ELIMINADO: co.com.andresrojas.model.Libro@67c5ac52
23:46:56.614 [main] INFO  co.com.andresrojas.service.ServicioLibros - BUSCANDO LIBRO CON ISBN: 978-0307474728
23:46:56.616 [main] ERROR co.com.andresrojas.service.ServicioLibros - NO SE ENCONTRO EL LIBRO BUSCADO CON ISBN: 978-0307474728
23:46:56.625 [main] INFO  co.com.andresrojas.service.ServicioLibros - AGREGANDO LIBRO: Cien años de Soledad
23:46:56.625 [main] INFO  co.com.andresrojas.service.ServicioLibros - BUSCANDO LIBRO PARA ELIMINAR CON ISBN: 978-0307474729
23:46:56.625 [main] ERROR co.com.andresrojas.service.ServicioLibros - NO SE ENCONTRO EL LIBRO BUSCADO CON ISBN: 978-0307474729
13:13:16.985 [main] INFO  co.com.andresrojas.service.ServicioUsuario - USUARIO AGREGADO : Andres Rojas
15:01:36.525 [main] INFO  co.com.andresrojas.service.ServicioUsuario - USUARIO AGREGADO : Andres Rojas
15:01:36.532 [main] INFO  co.com.andresrojas.service.ServicioUsuario - USUARIO ENCONTRADO: co.com.andresrojas.model.Usuario@6b6776cb
15:03:15.510 [main] INFO  co.com.andresrojas.service.ServicioUsuario - USUARIO AGREGADO : Andres Rojas
15:03:15.522 [main] INFO  co.com.andresrojas.service.ServicioUsuario - USUARIO ENCONTRADO: co.com.andresrojas.model.Usuario@797b0699
15:12:01.335 [main] INFO  co.com.andresrojas.service.ServicioUsuario - USUARIO AGREGADO : Andres Rojas
15:12:01.347 [main] INFO  co.com.andresrojas.service.ServicioUsuario - USUARIO ELIMINADO: co.com.andresrojas.model.Usuario@797b0699
15:12:01.350 [main] ERROR co.com.andresrojas.service.ServicioUsuario - NO SE ENCONTRO EL USUARIO BUSCADO CON EL NOMBRE: 1

15:54:02.468 [main] INFO  co.com.andresrojas.service.ServicioLibros - LIBRO AGREGADO: Cien años de Soledad
15:54:02.478 [main] INFO  co.com.andresrojas.service.ServicioLibros - LIBRO AGREGADO: El Quijote
15:54:02.540 [main] INFO  co.com.andresrojas.service.ServicioLibros - LIBRO AGREGADO: Cien años de Soledad
15:54:02.545 [main] ERROR co.com.andresrojas.service.ServicioLibros - NO SE ENCONTRO EL LIBRO BUSCADO CON ISBN: 978-0307474729
15:54:02.563 [main] INFO  co.com.andresrojas.service.ServicioLibros - LIBRO AGREGADO: Cien años de Soledad
15:54:02.563 [main] INFO  co.com.andresrojas.service.ServicioLibros - LIBRO ENCONTRADO: co.com.andresrojas.model.Libro@1ac4ccad
15:54:02.573 [main] INFO  co.com.andresrojas.service.ServicioLibros - LIBRO AGREGADO: Cien años de Soledad
15:54:02.575 [main] INFO  co.com.andresrojas.service.ServicioLibros - LIBRO ELIMINADO: co.com.andresrojas.model.Libro@e9ef5b6
15:54:02.577 [main] ERROR co.com.andresrojas.service.ServicioLibros - NO SE ENCONTRO EL LIBRO BUSCADO CON ISBN: 978-0307474728
15:54:02.587 [main] INFO  co.com.andresrojas.service.ServicioLibros - LIBRO AGREGADO: Cien años de Soledad
15:54:02.588 [main] ERROR co.com.andresrojas.service.ServicioLibros - NO SE ENCONTRO EL LIBRO BUSCADO CON ISBN: 978-0307474729
15:54:02.799 [main] INFO  co.com.andresrojas.service.ServicioUsuario - USUARIO AGREGADO : Andres Rojas
15:54:02.801 [main] INFO  co.com.andresrojas.service.ServicioUsuario - USUARIO ENCONTRADO: co.com.andresrojas.model.Usuario@4b790d86
15:54:02.827 [main] INFO  co.com.andresrojas.service.ServicioUsuario - USUARIO AGREGADO : Andres Rojas
15:54:02.827 [main] INFO  co.com.andresrojas.service.ServicioUsuario - USUARIO ENCONTRADO: co.com.andresrojas.model.Usuario@52e04737
15:54:02.833 [main] INFO  co.com.andresrojas.service.ServicioUsuario - USUARIO AGREGADO : Andres Rojas
15:54:02.833 [main] ERROR co.com.andresrojas.service.ServicioUsuario - NO SE ENCONTRO EL USUARIO PARA ELIMINAR CON NOMBRE: 1
15:54:02.883 [main] INFO  co.com.andresrojas.service.ServicioUsuario - USUARIO AGREGADO : Andres Rojas
15:54:02.883 [main] ERROR co.com.andresrojas.service.ServicioUsuario - NO SE ENCONTRO EL USUARIO BUSCADO CON EL NOMBRE: 2
15:54:02.891 [main] INFO  co.com.andresrojas.service.ServicioUsuario - USUARIO AGREGADO : Andres Rojas
15:54:02.893 [main] ERROR co.com.andresrojas.service.ServicioUsuario - NO SE ENCONTRO EL USUARIO PARA ELIMINAR CON NOMBRE: 2
15:54:02.936 [main] INFO  co.com.andresrojas.service.ServicioUsuario - USUARIO AGREGADO : Andres Rojas
15:54:02.936 [main] INFO  co.com.andresrojas.service.ServicioUsuario - USUARIO ENCONTRADO: co.com.andresrojas.model.Usuario@210308d5
15:54:02.936 [main] INFO  co.com.andresrojas.service.ServicioUsuario - GMAIL CAMBIADO EXITOSAMENTE: andresrojas@gmail.com
15:54:02.961 [main] INFO  co.com.andresrojas.service.ServicioUsuario - USUARIO ENCONTRADO: co.com.andresrojas.model.Usuario@210308d5
15:54:02.989 [main] INFO  co.com.andresrojas.service.ServicioUsuario - USUARIO AGREGADO : Andres Rojas
15:54:02.994 [main] INFO  co.com.andresrojas.service.ServicioUsuario - USUARIO AGREGADO : Astrid Acevedo
15:54:02.996 [main] INFO  co.com.andresrojas.service.ServicioUsuario - USUARIO AGREGADO : Luis Rojas
15:54:02.999 [main] INFO  co.com.andresrojas.service.ServicioUsuario - USUARIO AGREGADO : Andres Rojas
15:54:02.999 [main] INFO  co.com.andresrojas.service.ServicioUsuario - USUARIO ENCONTRADO: co.com.andresrojas.model.Usuario@22a736d7
15:54:02.999 [main] INFO  co.com.andresrojas.service.ServicioUsuario - TELEFONO CAMBIADO EXITOSAMENTE: 3209134394
15:54:02.999 [main] INFO  co.com.andresrojas.service.ServicioUsuario - USUARIO ENCONTRADO: co.com.andresrojas.model.Usuario@22a736d7
15:54:46.649 [main] INFO  co.com.andresrojas.service.ServicioUsuario - USUARIO AGREGADO : Andres Rojas
15:54:46.657 [main] ERROR co.com.andresrojas.service.ServicioUsuario - NO SE ENCONTRO EL USUARIO BUSCADO CON EL NOMBRE: 2
15:54:55.791 [main] INFO  co.com.andresrojas.service.ServicioUsuario - USUARIO AGREGADO : Andres Rojas
15:54:55.811 [main] ERROR co.com.andresrojas.service.ServicioUsuario - NO SE ENCONTRO EL USUARIO PARA ELIMINAR CON NOMBRE: 2
15:55:03.414 [main] INFO  co.com.andresrojas.service.ServicioUsuario - USUARIO AGREGADO : Andres Rojas
15:55:03.421 [main] INFO  co.com.andresrojas.service.ServicioUsuario - USUARIO AGREGADO : Astrid Acevedo
15:55:03.421 [main] INFO  co.com.andresrojas.service.ServicioUsuario - USUARIO AGREGADO : Luis Rojas
15:55:11.302 [main] INFO  co.com.andresrojas.service.ServicioUsuario - USUARIO AGREGADO : Andres Rojas
15:55:11.314 [main] INFO  co.com.andresrojas.service.ServicioUsuario - USUARIO ENCONTRADO: co.com.andresrojas.model.Usuario@797b0699
15:55:11.314 [main] INFO  co.com.andresrojas.service.ServicioUsuario - GMAIL CAMBIADO EXITOSAMENTE: andresrojas@gmail.com
15:55:11.314 [main] INFO  co.com.andresrojas.service.ServicioUsuario - USUARIO ENCONTRADO: co.com.andresrojas.model.Usuario@797b0699
15:55:18.329 [main] INFO  co.com.andresrojas.service.ServicioUsuario - USUARIO AGREGADO : Andres Rojas
15:55:18.340 [main] INFO  co.com.andresrojas.service.ServicioUsuario - USUARIO ENCONTRADO: co.com.andresrojas.model.Usuario@797b0699
15:55:18.341 [main] INFO  co.com.andresrojas.service.ServicioUsuario - TELEFONO CAMBIADO EXITOSAMENTE: 3209134394
15:55:18.341 [main] INFO  co.com.andresrojas.service.ServicioUsuario - USUARIO ENCONTRADO: co.com.andresrojas.model.Usuario@797b0699
15:56:09.052 [main] INFO  co.com.andresrojas.service.ServicioLibros - LIBRO AGREGADO: Cien años de Soledad
15:56:09.062 [main] INFO  co.com.andresrojas.service.ServicioLibros - LIBRO AGREGADO: El Quijote
15:56:09.126 [main] INFO  co.com.andresrojas.service.ServicioLibros - LIBRO AGREGADO: Cien años de Soledad
15:56:09.134 [main] ERROR co.com.andresrojas.service.ServicioLibros - NO SE ENCONTRO EL LIBRO BUSCADO CON ISBN: 978-0307474729
15:56:09.186 [main] INFO  co.com.andresrojas.service.ServicioLibros - LIBRO AGREGADO: Cien años de Soledad
15:56:09.186 [main] INFO  co.com.andresrojas.service.ServicioLibros - LIBRO ENCONTRADO: co.com.andresrojas.model.Libro@1ac4ccad
15:56:09.206 [main] INFO  co.com.andresrojas.service.ServicioLibros - LIBRO AGREGADO: Cien años de Soledad
15:56:09.206 [main] INFO  co.com.andresrojas.service.ServicioLibros - LIBRO ELIMINADO: co.com.andresrojas.model.Libro@e9ef5b6
15:56:09.208 [main] ERROR co.com.andresrojas.service.ServicioLibros - NO SE ENCONTRO EL LIBRO BUSCADO CON ISBN: 978-0307474728
15:56:09.221 [main] INFO  co.com.andresrojas.service.ServicioLibros - LIBRO AGREGADO: Cien años de Soledad
15:56:09.221 [main] ERROR co.com.andresrojas.service.ServicioLibros - NO SE ENCONTRO EL LIBRO BUSCADO CON ISBN: 978-0307474729
15:56:09.327 [main] INFO  co.com.andresrojas.service.ServicioUsuario - USUARIO AGREGADO : Andres Rojas
15:56:09.327 [main] INFO  co.com.andresrojas.service.ServicioUsuario - USUARIO ENCONTRADO: co.com.andresrojas.model.Usuario@4b790d86
15:56:09.349 [main] INFO  co.com.andresrojas.service.ServicioUsuario - USUARIO AGREGADO : Andres Rojas
15:56:09.350 [main] INFO  co.com.andresrojas.service.ServicioUsuario - USUARIO ENCONTRADO: co.com.andresrojas.model.Usuario@52e04737
15:56:09.357 [main] INFO  co.com.andresrojas.service.ServicioUsuario - USUARIO AGREGADO : Andres Rojas
15:56:09.357 [main] ERROR co.com.andresrojas.service.ServicioUsuario - NO SE ENCONTRO EL USUARIO PARA ELIMINAR CON NOMBRE: 1
15:56:09.407 [main] INFO  co.com.andresrojas.service.ServicioUsuario - USUARIO AGREGADO : Andres Rojas
15:56:09.409 [main] ERROR co.com.andresrojas.service.ServicioUsuario - NO SE ENCONTRO EL USUARIO BUSCADO CON EL NOMBRE: 2
15:56:09.454 [main] INFO  co.com.andresrojas.service.ServicioUsuario - USUARIO AGREGADO : Andres Rojas
15:56:09.456 [main] ERROR co.com.andresrojas.service.ServicioUsuario - NO SE ENCONTRO EL USUARIO PARA ELIMINAR CON NOMBRE: 2
15:56:09.469 [main] INFO  co.com.andresrojas.service.ServicioUsuario - USUARIO AGREGADO : Andres Rojas
15:56:09.471 [main] INFO  co.com.andresrojas.service.ServicioUsuario - USUARIO ENCONTRADO: co.com.andresrojas.model.Usuario@210308d5
15:56:09.471 [main] INFO  co.com.andresrojas.service.ServicioUsuario - GMAIL CAMBIADO EXITOSAMENTE: andresrojas@gmail.com
15:56:09.471 [main] INFO  co.com.andresrojas.service.ServicioUsuario - USUARIO ENCONTRADO: co.com.andresrojas.model.Usuario@210308d5
15:56:09.482 [main] INFO  co.com.andresrojas.service.ServicioUsuario - USUARIO AGREGADO : Andres Rojas
15:56:09.482 [main] INFO  co.com.andresrojas.service.ServicioUsuario - USUARIO AGREGADO : Astrid Acevedo
15:56:09.484 [main] INFO  co.com.andresrojas.service.ServicioUsuario - USUARIO AGREGADO : Luis Rojas
15:56:09.488 [main] INFO  co.com.andresrojas.service.ServicioUsuario - USUARIO AGREGADO : Andres Rojas
15:56:09.488 [main] INFO  co.com.andresrojas.service.ServicioUsuario - USUARIO ENCONTRADO: co.com.andresrojas.model.Usuario@22a736d7
15:56:09.490 [main] INFO  co.com.andresrojas.service.ServicioUsuario - TELEFONO CAMBIADO EXITOSAMENTE: 3209134394
15:56:09.490 [main] INFO  co.com.andresrojas.service.ServicioUsuario - USUARIO ENCONTRADO: co.com.andresrojas.model.Usuario@22a736d7
16:00:39.099 [main] INFO  co.com.andresrojas.service.ServicioLibros - LIBRO AGREGADO: Cien años de Soledad
16:00:39.111 [main] INFO  co.com.andresrojas.service.ServicioLibros - LIBRO AGREGADO: El Quijote
16:00:39.186 [main] INFO  co.com.andresrojas.service.ServicioLibros - LIBRO AGREGADO: Cien años de Soledad
16:00:39.194 [main] ERROR co.com.andresrojas.service.ServicioLibros - NO SE ENCONTRO EL LIBRO BUSCADO CON ISBN: 978-0307474729
16:00:39.218 [main] INFO  co.com.andresrojas.service.ServicioLibros - LIBRO AGREGADO: Cien años de Soledad
16:00:39.218 [main] INFO  co.com.andresrojas.service.ServicioLibros - LIBRO ENCONTRADO: co.com.andresrojas.model.Libro@1ac4ccad
16:00:39.234 [main] INFO  co.com.andresrojas.service.ServicioLibros - LIBRO AGREGADO: Cien años de Soledad
16:00:39.236 [main] INFO  co.com.andresrojas.service.ServicioLibros - LIBRO ELIMINADO: co.com.andresrojas.model.Libro@e9ef5b6
16:00:39.236 [main] ERROR co.com.andresrojas.service.ServicioLibros - NO SE ENCONTRO EL LIBRO BUSCADO CON ISBN: 978-0307474728
16:00:39.252 [main] INFO  co.com.andresrojas.service.ServicioLibros - LIBRO AGREGADO: Cien años de Soledad
16:00:39.252 [main] ERROR co.com.andresrojas.service.ServicioLibros - NO SE ENCONTRO EL LIBRO BUSCADO CON ISBN: 978-0307474729
16:00:39.465 [main] INFO  co.com.andresrojas.service.ServicioUsuario - USUARIO AGREGADO : Andres Rojas
16:00:39.465 [main] INFO  co.com.andresrojas.service.ServicioUsuario - USUARIO ENCONTRADO: co.com.andresrojas.model.Usuario@4b790d86
16:00:39.489 [main] INFO  co.com.andresrojas.service.ServicioUsuario - USUARIO AGREGADO : Andres Rojas
16:00:39.491 [main] INFO  co.com.andresrojas.service.ServicioUsuario - USUARIO ENCONTRADO: co.com.andresrojas.model.Usuario@52e04737
16:00:39.501 [main] INFO  co.com.andresrojas.service.ServicioUsuario - USUARIO AGREGADO : Andres Rojas
16:00:39.509 [main] ERROR co.com.andresrojas.service.ServicioUsuario - NO SE ENCONTRO EL USUARIO PARA ELIMINAR CON NOMBRE: 1
16:00:39.569 [main] INFO  co.com.andresrojas.service.ServicioUsuario - USUARIO AGREGADO : Andres Rojas
16:00:39.571 [main] ERROR co.com.andresrojas.service.ServicioUsuario - NO SE ENCONTRO EL USUARIO BUSCADO CON EL NOMBRE: 2
16:00:39.577 [main] INFO  co.com.andresrojas.service.ServicioUsuario - USUARIO AGREGADO : Andres Rojas
16:00:39.581 [main] ERROR co.com.andresrojas.service.ServicioUsuario - NO SE ENCONTRO EL USUARIO PARA ELIMINAR CON NOMBRE: 2
16:00:39.585 [main] INFO  co.com.andresrojas.service.ServicioUsuario - USUARIO AGREGADO : Andres Rojas
16:00:39.587 [main] INFO  co.com.andresrojas.service.ServicioUsuario - USUARIO ENCONTRADO: co.com.andresrojas.model.Usuario@210308d5
16:00:39.587 [main] INFO  co.com.andresrojas.service.ServicioUsuario - GMAIL CAMBIADO EXITOSAMENTE: andresrojas@gmail.com
16:00:39.587 [main] INFO  co.com.andresrojas.service.ServicioUsuario - USUARIO ENCONTRADO: co.com.andresrojas.model.Usuario@210308d5
16:00:39.595 [main] INFO  co.com.andresrojas.service.ServicioUsuario - USUARIO AGREGADO : Andres Rojas
16:00:39.595 [main] INFO  co.com.andresrojas.service.ServicioUsuario - USUARIO AGREGADO : Astrid Acevedo
16:00:39.595 [main] INFO  co.com.andresrojas.service.ServicioUsuario - USUARIO AGREGADO : Luis Rojas
16:00:39.601 [main] INFO  co.com.andresrojas.service.ServicioUsuario - USUARIO AGREGADO : Andres Rojas
16:00:39.601 [main] INFO  co.com.andresrojas.service.ServicioUsuario - USUARIO ENCONTRADO: co.com.andresrojas.model.Usuario@22a736d7
16:00:39.601 [main] INFO  co.com.andresrojas.service.ServicioUsuario - TELEFONO CAMBIADO EXITOSAMENTE: 3209134394
16:00:39.601 [main] INFO  co.com.andresrojas.service.ServicioUsuario - USUARIO ENCONTRADO: co.com.andresrojas.model.Usuario@22a736d7
16:01:57.326 [main] INFO  co.com.andresrojas.service.ServicioUsuario - USUARIO AGREGADO : Andres Rojas
16:01:57.335 [main] INFO  co.com.andresrojas.service.ServicioUsuario - USUARIO ENCONTRADO: co.com.andresrojas.model.Usuario@2d9caaeb
16:01:57.432 [main] INFO  co.com.andresrojas.service.ServicioUsuario - USUARIO AGREGADO : Andres Rojas
16:01:57.434 [main] INFO  co.com.andresrojas.service.ServicioUsuario - USUARIO ENCONTRADO: co.com.andresrojas.model.Usuario@3b74ac8
16:01:57.442 [main] INFO  co.com.andresrojas.service.ServicioUsuario - USUARIO AGREGADO : Andres Rojas
16:01:57.442 [main] ERROR co.com.andresrojas.service.ServicioUsuario - NO SE ENCONTRO EL USUARIO PARA ELIMINAR CON NOMBRE: 1
16:01:57.529 [main] INFO  co.com.andresrojas.service.ServicioUsuario - USUARIO AGREGADO : Andres Rojas
16:01:57.536 [main] ERROR co.com.andresrojas.service.ServicioUsuario - NO SE ENCONTRO EL USUARIO BUSCADO CON EL NOMBRE: 2
16:01:57.540 [main] INFO  co.com.andresrojas.service.ServicioUsuario - USUARIO AGREGADO : Andres Rojas
16:01:57.540 [main] ERROR co.com.andresrojas.service.ServicioUsuario - NO SE ENCONTRO EL USUARIO PARA ELIMINAR CON NOMBRE: 2
16:01:57.568 [main] INFO  co.com.andresrojas.service.ServicioUsuario - USUARIO AGREGADO : Andres Rojas
16:01:57.569 [main] INFO  co.com.andresrojas.service.ServicioUsuario - USUARIO ENCONTRADO: co.com.andresrojas.model.Usuario@2474f125
16:01:57.572 [main] INFO  co.com.andresrojas.service.ServicioUsuario - GMAIL CAMBIADO EXITOSAMENTE: andresrojas@gmail.com
16:01:57.572 [main] INFO  co.com.andresrojas.service.ServicioUsuario - USUARIO ENCONTRADO: co.com.andresrojas.model.Usuario@2474f125
16:01:57.635 [main] INFO  co.com.andresrojas.service.ServicioUsuario - USUARIO AGREGADO : Andres Rojas
16:01:57.635 [main] INFO  co.com.andresrojas.service.ServicioUsuario - USUARIO AGREGADO : Astrid Acevedo
16:01:57.635 [main] INFO  co.com.andresrojas.service.ServicioUsuario - USUARIO AGREGADO : Luis Rojas
16:01:57.653 [main] INFO  co.com.andresrojas.service.ServicioUsuario - USUARIO AGREGADO : Andres Rojas
16:01:57.655 [main] INFO  co.com.andresrojas.service.ServicioUsuario - USUARIO ENCONTRADO: co.com.andresrojas.model.Usuario@7357a011
16:01:57.655 [main] INFO  co.com.andresrojas.service.ServicioUsuario - TELEFONO CAMBIADO EXITOSAMENTE: 3209134394
16:01:57.657 [main] INFO  co.com.andresrojas.service.ServicioUsuario - USUARIO ENCONTRADO: co.com.andresrojas.model.Usuario@7357a011

16:06:55.025 [main] INFO  co.com.andresrojas.service.ServicioLibros - LIBRO AGREGADO: Cien años de Soledad
16:06:55.035 [main] INFO  co.com.andresrojas.service.ServicioLibros - LIBRO AGREGADO: El Quijote
16:06:55.096 [main] INFO  co.com.andresrojas.service.ServicioLibros - LIBRO AGREGADO: Cien años de Soledad
16:06:55.102 [main] ERROR co.com.andresrojas.service.ServicioLibros - NO SE ENCONTRO EL LIBRO BUSCADO CON ISBN: 978-0307474729
16:06:55.124 [main] INFO  co.com.andresrojas.service.ServicioLibros - LIBRO AGREGADO: Cien años de Soledad
16:06:55.124 [main] INFO  co.com.andresrojas.service.ServicioLibros - LIBRO ENCONTRADO: co.com.andresrojas.model.Libro@1ac4ccad
16:06:55.133 [main] INFO  co.com.andresrojas.service.ServicioLibros - LIBRO AGREGADO: Cien años de Soledad
16:06:55.133 [main] INFO  co.com.andresrojas.service.ServicioLibros - LIBRO ELIMINADO: co.com.andresrojas.model.Libro@e9ef5b6
16:06:55.133 [main] ERROR co.com.andresrojas.service.ServicioLibros - NO SE ENCONTRO EL LIBRO BUSCADO CON ISBN: 978-0307474728
16:06:55.143 [main] INFO  co.com.andresrojas.service.ServicioLibros - LIBRO AGREGADO: Cien años de Soledad
16:06:55.145 [main] ERROR co.com.andresrojas.service.ServicioLibros - NO SE ENCONTRO EL LIBRO BUSCADO CON ISBN: 978-0307474729
16:06:55.206 [main] INFO  co.com.andresrojas.service.ServicioUsuario - USUARIO AGREGADO : Andres Rojas
16:06:55.206 [main] INFO  co.com.andresrojas.service.ServicioUsuario - USUARIO ENCONTRADO: co.com.andresrojas.model.Usuario@4b790d86
16:06:55.254 [main] INFO  co.com.andresrojas.service.ServicioUsuario - USUARIO AGREGADO : Andres Rojas
16:06:55.256 [main] INFO  co.com.andresrojas.service.ServicioUsuario - USUARIO ENCONTRADO: co.com.andresrojas.model.Usuario@52e04737
16:06:55.262 [main] INFO  co.com.andresrojas.service.ServicioUsuario - USUARIO AGREGADO : Andres Rojas
16:06:55.262 [main] INFO  co.com.andresrojas.service.ServicioUsuario - USUARIO ELIMINADO: co.com.andresrojas.model.Usuario@5bc7e78e
16:06:55.264 [main] ERROR co.com.andresrojas.service.ServicioUsuario - NO SE ENCONTRO EL USUARIO BUSCADO CON EL NOMBRE: 1
16:06:55.268 [main] INFO  co.com.andresrojas.service.ServicioUsuario - USUARIO AGREGADO : Andres Rojas
16:06:55.270 [main] ERROR co.com.andresrojas.service.ServicioUsuario - NO SE ENCONTRO EL USUARIO BUSCADO CON EL NOMBRE: 2
16:06:55.278 [main] INFO  co.com.andresrojas.service.ServicioUsuario - USUARIO AGREGADO : Andres Rojas
16:06:55.280 [main] ERROR co.com.andresrojas.service.ServicioUsuario - NO SE ENCONTRO EL USUARIO CON EL ID : 2
16:06:55.288 [main] INFO  co.com.andresrojas.service.ServicioUsuario - USUARIO AGREGADO : Andres Rojas
16:06:55.290 [main] INFO  co.com.andresrojas.service.ServicioUsuario - USUARIO ENCONTRADO: co.com.andresrojas.model.Usuario@4674d90
16:06:55.290 [main] INFO  co.com.andresrojas.service.ServicioUsuario - GMAIL CAMBIADO EXITOSAMENTE: andresrojas@gmail.com
16:06:55.292 [main] INFO  co.com.andresrojas.service.ServicioUsuario - USUARIO ENCONTRADO: co.com.andresrojas.model.Usuario@4674d90
16:06:55.394 [main] INFO  co.com.andresrojas.service.ServicioUsuario - USUARIO AGREGADO : Andres Rojas
16:06:55.394 [main] INFO  co.com.andresrojas.service.ServicioUsuario - USUARIO AGREGADO : Astrid Acevedo
16:06:55.394 [main] INFO  co.com.andresrojas.service.ServicioUsuario - USUARIO AGREGADO : Luis Rojas
16:06:55.401 [main] INFO  co.com.andresrojas.service.ServicioUsuario - USUARIO AGREGADO : Andres Rojas
16:06:55.401 [main] INFO  co.com.andresrojas.service.ServicioUsuario - USUARIO ENCONTRADO: co.com.andresrojas.model.Usuario@60783105
16:06:55.410 [main] INFO  co.com.andresrojas.service.ServicioUsuario - TELEFONO CAMBIADO EXITOSAMENTE: 3209134394
16:06:55.410 [main] INFO  co.com.andresrojas.service.ServicioUsuario - USUARIO ENCONTRADO: co.com.andresrojas.model.Usuario@60783105

23:37:08.730 [main] ERROR co.com.andresrojas.service.ServicioPrestamo - NO EXISTE UN PRESTAMO DEL LIBRO: 978-0307474728 PARA EL USUARIO: 1
23:37:09.089 [main] ERROR co.com.andresrojas.service.ServicioPrestamo - NO EXISTE UN PRESTAMO DEL LIBRO: 978-0307474728 PARA EL USUARIO: 1
23:52:38.089 [main] INFO  co.com.andresrojas.service.ServicioLibros - LIBRO AGREGADO: Cien años de Soledad
23:52:38.104 [main] INFO  co.com.andresrojas.service.ServicioLibros - LIBRO AGREGADO: El Quijote
23:52:38.265 [main] INFO  co.com.andresrojas.service.ServicioLibros - LIBRO AGREGADO: Cien años de Soledad
23:52:38.270 [main] ERROR co.com.andresrojas.service.ServicioLibros - NO SE ENCONTRO EL LIBRO BUSCADO CON ISBN: 978-0307474729
23:52:38.285 [main] INFO  co.com.andresrojas.service.ServicioLibros - LIBRO AGREGADO: Cien años de Soledad
23:52:38.285 [main] INFO  co.com.andresrojas.service.ServicioLibros - LIBRO ENCONTRADO: co.com.andresrojas.model.Libro@5300cac
23:52:38.375 [main] INFO  co.com.andresrojas.service.ServicioLibros - LIBRO AGREGADO: Cien años de Soledad
23:52:38.384 [main] INFO  co.com.andresrojas.service.ServicioLibros - LIBRO ELIMINADO: co.com.andresrojas.model.Libro@73c9e8e8
23:52:38.384 [main] ERROR co.com.andresrojas.service.ServicioLibros - NO SE ENCONTRO EL LIBRO BUSCADO CON ISBN: 978-0307474728
23:52:38.420 [main] INFO  co.com.andresrojas.service.ServicioLibros - LIBRO AGREGADO: Cien años de Soledad
23:52:38.422 [main] ERROR co.com.andresrojas.service.ServicioLibros - NO SE ENCONTRO EL LIBRO BUSCADO CON ISBN: 978-0307474729
23:52:53.400 [main] INFO  co.com.andresrojas.service.ServicioPrestamo - PRESTAMO AGREGADO CON EXITO: co.com.andresrojas.model.Prestamo@68df8c6
23:52:53.401 [main] INFO  co.com.andresrojas.service.ServicioPrestamo - DEVOLVIENDO PRESTAMO: co.com.andresrojas.model.Prestamo@7c206b14
23:52:53.433 [main] INFO  co.com.andresrojas.service.ServicioPrestamo - PRESTAMO AGREGADO CON EXITO: co.com.andresrojas.model.Prestamo@4a944af9
23:52:53.436 [main] ERROR co.com.andresrojas.service.ServicioPrestamo - EL LIBRO Cien años de Soledad CON ISBN: 978-0307474728 YA ESTA PRESTADO
23:52:53.764 [main] INFO  co.com.andresrojas.service.ServicioPrestamo - PRESTAMO AGREGADO CON EXITO: co.com.andresrojas.model.Prestamo@2e0fdc83
23:52:53.859 [main] INFO  co.com.andresrojas.service.ServicioUsuario - USUARIO AGREGADO : Andres Rojas
23:52:53.860 [main] INFO  co.com.andresrojas.service.ServicioUsuario - USUARIO ENCONTRADO: co.com.andresrojas.model.Usuario@432a6a69
23:52:53.946 [main] INFO  co.com.andresrojas.service.ServicioUsuario - USUARIO AGREGADO : Andres Rojas
23:52:53.946 [main] INFO  co.com.andresrojas.service.ServicioUsuario - USUARIO ENCONTRADO: co.com.andresrojas.model.Usuario@3fe98084
23:52:53.957 [main] INFO  co.com.andresrojas.service.ServicioUsuario - USUARIO AGREGADO : Andres Rojas
23:52:53.958 [main] INFO  co.com.andresrojas.service.ServicioUsuario - USUARIO ELIMINADO: co.com.andresrojas.model.Usuario@151a6598
23:52:53.959 [main] ERROR co.com.andresrojas.service.ServicioUsuario - NO SE ENCONTRO EL USUARIO BUSCADO CON EL NOMBRE: 1
23:52:53.973 [main] INFO  co.com.andresrojas.service.ServicioUsuario - USUARIO AGREGADO : Andres Rojas
23:52:53.974 [main] ERROR co.com.andresrojas.service.ServicioUsuario - NO SE ENCONTRO EL USUARIO BUSCADO CON EL NOMBRE: 2
23:52:53.989 [main] INFO  co.com.andresrojas.service.ServicioUsuario - USUARIO AGREGADO : Andres Rojas
23:52:53.995 [main] ERROR co.com.andresrojas.service.ServicioUsuario - NO SE ENCONTRO EL USUARIO CON EL ID : 2
23:52:54.005 [main] INFO  co.com.andresrojas.service.ServicioUsuario - USUARIO AGREGADO : Andres Rojas
23:52:54.006 [main] INFO  co.com.andresrojas.service.ServicioUsuario - USUARIO ENCONTRADO: co.com.andresrojas.model.Usuario@47c81e89
23:52:54.006 [main] INFO  co.com.andresrojas.service.ServicioUsuario - GMAIL CAMBIADO EXITOSAMENTE: andresrojas@gmail.com
23:52:54.006 [main] INFO  co.com.andresrojas.service.ServicioUsuario - USUARIO ENCONTRADO: co.com.andresrojas.model.Usuario@47c81e89
23:52:54.076 [main] INFO  co.com.andresrojas.service.ServicioUsuario - USUARIO AGREGADO : Andres Rojas
23:52:54.076 [main] INFO  co.com.andresrojas.service.ServicioUsuario - USUARIO AGREGADO : Astrid Acevedo
23:52:54.076 [main] INFO  co.com.andresrojas.service.ServicioUsuario - USUARIO AGREGADO : Luis Rojas
23:52:54.084 [main] INFO  co.com.andresrojas.service.ServicioUsuario - USUARIO AGREGADO : Andres Rojas
23:52:54.084 [main] INFO  co.com.andresrojas.service.ServicioUsuario - USUARIO ENCONTRADO: co.com.andresrojas.model.Usuario@12548f9a
23:52:54.085 [main] INFO  co.com.andresrojas.service.ServicioUsuario - TELEFONO CAMBIADO EXITOSAMENTE: 3209134394
23:52:54.086 [main] INFO  co.com.andresrojas.service.ServicioUsuario - USUARIO ENCONTRADO: co.com.andresrojas.model.Usuario@12548f9a
23:53:10.660 [main] INFO  co.com.andresrojas.service.ServicioPrestamo - PRESTAMO AGREGADO CON EXITO: co.com.andresrojas.model.Prestamo@25b5c5e3
23:53:10.675 [main] INFO  co.com.andresrojas.service.ServicioPrestamo - DEVOLVIENDO PRESTAMO: co.com.andresrojas.model.Prestamo@6a9b0a6f
23:53:10.697 [main] INFO  co.com.andresrojas.service.ServicioPrestamo - PRESTAMO AGREGADO CON EXITO: co.com.andresrojas.model.Prestamo@2c6ee758
23:53:10.709 [main] ERROR co.com.andresrojas.service.ServicioPrestamo - EL LIBRO Cien años de Soledad CON ISBN: 978-0307474728 YA ESTA PRESTADO
23:53:10.730 [main] INFO  co.com.andresrojas.service.ServicioPrestamo - PRESTAMO AGREGADO CON EXITO: co.com.andresrojas.model.Prestamo@2116b68b
00:06:45.248 [main] ERROR co.com.andresrojas.service.ServicioPrestamo - NO SE ENCONTRO UN PRESTAMO DEL LIBRO: 978-0307474728 PARA EL USUARIO: 1
00:08:38.990 [main] INFO  co.com.andresrojas.service.ServicioLibros - LIBRO AGREGADO: Cien años de Soledad
00:08:39.001 [main] INFO  co.com.andresrojas.service.ServicioLibros - LIBRO AGREGADO: El Quijote
00:08:39.111 [main] INFO  co.com.andresrojas.service.ServicioLibros - LIBRO AGREGADO: Cien años de Soledad
00:08:39.117 [main] ERROR co.com.andresrojas.service.ServicioLibros - NO SE ENCONTRO EL LIBRO BUSCADO CON ISBN: 978-0307474729
00:08:39.127 [main] INFO  co.com.andresrojas.service.ServicioLibros - LIBRO AGREGADO: Cien años de Soledad
00:08:39.129 [main] INFO  co.com.andresrojas.service.ServicioLibros - LIBRO ENCONTRADO: co.com.andresrojas.model.Libro@5300cac
00:08:39.137 [main] INFO  co.com.andresrojas.service.ServicioLibros - LIBRO AGREGADO: Cien años de Soledad
00:08:39.137 [main] INFO  co.com.andresrojas.service.ServicioLibros - LIBRO ELIMINADO: co.com.andresrojas.model.Libro@73c9e8e8
00:08:39.137 [main] ERROR co.com.andresrojas.service.ServicioLibros - NO SE ENCONTRO EL LIBRO BUSCADO CON ISBN: 978-0307474728
00:08:39.145 [main] INFO  co.com.andresrojas.service.ServicioLibros - LIBRO AGREGADO: Cien años de Soledad
00:08:39.147 [main] ERROR co.com.andresrojas.service.ServicioLibros - NO SE ENCONTRO EL LIBRO BUSCADO CON ISBN: 978-0307474729
00:08:44.805 [main] ERROR co.com.andresrojas.service.ServicioPrestamo - NO SE ENCONTRO UN PRESTAMO DEL LIBRO: 978-0307474728 PARA EL USUARIO: 1
00:08:45.272 [main] INFO  co.com.andresrojas.service.ServicioPrestamo - PRESTAMO AGREGADO CON EXITO: co.com.andresrojas.model.Prestamo@6b0325d0
00:08:45.273 [main] INFO  co.com.andresrojas.service.ServicioPrestamo - DEVOLVIENDO PRESTAMO: co.com.andresrojas.model.Prestamo@70439c3
00:08:45.290 [main] INFO  co.com.andresrojas.service.ServicioPrestamo - PRESTAMO AGREGADO CON EXITO: co.com.andresrojas.model.Prestamo@77204651
00:08:45.294 [main] ERROR co.com.andresrojas.service.ServicioPrestamo - EL LIBRO Cien años de Soledad CON ISBN: 978-0307474728 YA ESTA PRESTADO
00:08:45.307 [main] INFO  co.com.andresrojas.service.ServicioPrestamo - PRESTAMO AGREGADO CON EXITO: co.com.andresrojas.model.Prestamo@e994ca
00:08:45.346 [main] INFO  co.com.andresrojas.service.ServicioUsuario - USUARIO AGREGADO : Andres Rojas
00:08:45.347 [main] INFO  co.com.andresrojas.service.ServicioUsuario - USUARIO ENCONTRADO: co.com.andresrojas.model.Usuario@7fb44737
00:08:45.525 [main] INFO  co.com.andresrojas.service.ServicioUsuario - USUARIO AGREGADO : Andres Rojas
00:08:45.525 [main] INFO  co.com.andresrojas.service.ServicioUsuario - USUARIO ENCONTRADO: co.com.andresrojas.model.Usuario@5daad59a
00:08:45.537 [main] INFO  co.com.andresrojas.service.ServicioUsuario - USUARIO AGREGADO : Andres Rojas
00:08:45.538 [main] INFO  co.com.andresrojas.service.ServicioUsuario - USUARIO ELIMINADO: co.com.andresrojas.model.Usuario@58f50dd0
00:08:45.538 [main] ERROR co.com.andresrojas.service.ServicioUsuario - NO SE ENCONTRO EL USUARIO BUSCADO CON EL NOMBRE: 1
00:08:45.546 [main] INFO  co.com.andresrojas.service.ServicioUsuario - USUARIO AGREGADO : Andres Rojas
00:08:45.547 [main] ERROR co.com.andresrojas.service.ServicioUsuario - NO SE ENCONTRO EL USUARIO BUSCADO CON EL NOMBRE: 2
00:08:45.554 [main] INFO  co.com.andresrojas.service.ServicioUsuario - USUARIO AGREGADO : Andres Rojas
00:08:45.556 [main] ERROR co.com.andresrojas.service.ServicioUsuario - NO SE ENCONTRO EL USUARIO CON EL ID : 2
00:08:45.573 [main] INFO  co.com.andresrojas.service.ServicioUsuario - USUARIO AGREGADO : Andres Rojas
00:08:45.574 [main] INFO  co.com.andresrojas.service.ServicioUsuario - USUARIO ENCONTRADO: co.com.andresrojas.model.Usuario@350342e0
00:08:45.574 [main] INFO  co.com.andresrojas.service.ServicioUsuario - GMAIL CAMBIADO EXITOSAMENTE: andresrojas@gmail.com
00:08:45.575 [main] INFO  co.com.andresrojas.service.ServicioUsuario - USUARIO ENCONTRADO: co.com.andresrojas.model.Usuario@350342e0
00:08:45.580 [main] INFO  co.com.andresrojas.service.ServicioUsuario - USUARIO AGREGADO : Andres Rojas
00:08:45.581 [main] INFO  co.com.andresrojas.service.ServicioUsuario - USUARIO AGREGADO : Astrid Acevedo
00:08:45.581 [main] INFO  co.com.andresrojas.service.ServicioUsuario - USUARIO AGREGADO : Luis Rojas
00:08:45.588 [main] INFO  co.com.andresrojas.service.ServicioUsuario - USUARIO AGREGADO : Andres Rojas
00:08:45.588 [main] INFO  co.com.andresrojas.service.ServicioUsuario - USUARIO ENCONTRADO: co.com.andresrojas.model.Usuario@6cc56b32
00:08:45.589 [main] INFO  co.com.andresrojas.service.ServicioUsuario - TELEFONO CAMBIADO EXITOSAMENTE: 3209134394
00:08:45.589 [main] INFO  co.com.andresrojas.service.ServicioUsuario - USUARIO ENCONTRADO: co.com.andresrojas.model.Usuario@6cc56b32
